  Character.cpp
D:\Users\Max\Documents\Dev\My Stuff\University\Year 1\GEC\GEC Max Stockton 19017767\Mario SDL\Mario SDL\Character.h(2,10): fatal error C1083: Cannot open include file: 'SDL.h': No such file or directory
  CharacterKoopa.cpp
D:\Users\Max\Documents\Dev\My Stuff\University\Year 1\GEC\GEC Max Stockton 19017767\Mario SDL\Mario SDL\Character.h(2,10): fatal error C1083: Cannot open include file: 'SDL.h': No such file or directory
  CharacterLuigi.cpp
D:\Users\Max\Documents\Dev\My Stuff\University\Year 1\GEC\GEC Max Stockton 19017767\Mario SDL\Mario SDL\Character.h(2,10): fatal error C1083: Cannot open include file: 'SDL.h': No such file or directory
  CharacterMario.cpp
D:\Users\Max\Documents\Dev\My Stuff\University\Year 1\GEC\GEC Max Stockton 19017767\Mario SDL\Mario SDL\Character.h(2,10): fatal error C1083: Cannot open include file: 'SDL.h': No such file or directory
  Collisions.cpp
D:\Users\Max\Documents\Dev\My Stuff\University\Year 1\GEC\GEC Max Stockton 19017767\Mario SDL\Mario SDL\Character.h(2,10): fatal error C1083: Cannot open include file: 'SDL.h': No such file or directory
  GameScreen.cpp
D:\Users\Max\Documents\Dev\My Stuff\University\Year 1\GEC\GEC Max Stockton 19017767\Mario SDL\Mario SDL\GameScreen.h(2,10): fatal error C1083: Cannot open include file: 'SDL.h': No such file or directory
  GameScreenLevel1.cpp
D:\Users\Max\Documents\Dev\My Stuff\University\Year 1\GEC\GEC Max Stockton 19017767\Mario SDL\Mario SDL\GameScreenLevel1.h(2,10): fatal error C1083: Cannot open include file: 'SDL.h': No such file or directory
  GameScreenManager.cpp
D:\Users\Max\Documents\Dev\My Stuff\University\Year 1\GEC\GEC Max Stockton 19017767\Mario SDL\Mario SDL\GameScreen.h(2,10): fatal error C1083: Cannot open include file: 'SDL.h': No such file or directory
  LevelMap.cpp
  main.cpp
D:\Users\Max\Documents\Dev\My Stuff\University\Year 1\GEC\GEC Max Stockton 19017767\Mario SDL\Mario SDL\main.cpp(1,10): fatal error C1083: Cannot open include file: 'SDL.h': No such file or directory
  PowBlock.cpp
D:\Users\Max\Documents\Dev\My Stuff\University\Year 1\GEC\GEC Max Stockton 19017767\Mario SDL\Mario SDL\PowBlock.h(2,9): fatal error C1083: Cannot open include file: 'SDL.h': No such file or directory
  SoundManager.cpp
D:\Users\Max\Documents\Dev\My Stuff\University\Year 1\GEC\GEC Max Stockton 19017767\Mario SDL\Mario SDL\SoundManager.h(4,10): fatal error C1083: Cannot open include file: 'SDL.h': No such file or directory
  Texture2D.cpp
D:\Users\Max\Documents\Dev\My Stuff\University\Year 1\GEC\GEC Max Stockton 19017767\Mario SDL\Mario SDL\Texture2D.h(2,10): fatal error C1083: Cannot open include file: 'SDL.h': No such file or directory
  Generating Code...
